  [1m[35m (0.2ms)[0m  [1m[34mSELECT sqlite_version(*)[0m
  [1m[35m (4.7ms)[0m  [1m[35mCREATE TABLE "schema_migrations" ("version" varchar NOT NULL PRIMARY KEY)[0m
  [1m[35m (3.3ms)[0m  [1m[35mCREATE TABLE "ar_internal_metadata" ("key" varchar NOT NULL PRIMARY KEY, "value" varchar, "created_at" datetime NOT NULL, "updated_at" datetime NOT NULL)[0m
  [1m[35m (2.4ms)[0m  [1m[34mSELECT "schema_migrations"."version" FROM "schema_migrations" ORDER BY "schema_migrations"."version" ASC[0m
Migrating to CreateUsers (20180726172453)
  [1m[35m (0.2ms)[0m  [1m[36mbegin transaction[0m
  [1m[35m (0.8ms)[0m  [1m[35mCREATE TABLE "users" ("id" INTEGER PRIMARY KEY AUTOINCREMENT NOT NULL, "first_name" varchar, "last_name" varchar, "email" varchar, "password_digest" varchar, "auth_token" varchar, "created_at" datetime NOT NULL, "updated_at" datetime NOT NULL)[0m
  [1m[35mSQL (0.3ms)[0m  [1m[32mINSERT INTO "schema_migrations" ("version") VALUES (?)[0m  [["version", "20180726172453"]]
  [1m[35m (2.9ms)[0m  [1m[36mcommit transaction[0m
  [1m[36mActiveRecord::InternalMetadata Load (0.2ms)[0m  [1m[34mSELECT  "ar_internal_metadata".* FROM "ar_internal_metadata" WHERE "ar_internal_metadata"."key" = ? LIMIT ?[0m  [["key", "environment"], ["LIMIT", 1]]
  [1m[35m (0.1ms)[0m  [1m[36mbegin transaction[0m
  [1m[35mSQL (0.5ms)[0m  [1m[32mINSERT INTO "ar_internal_metadata" ("key", "value", "created_at", "updated_at") VALUES (?, ?, ?, ?)[0m  [["key", "environment"], ["value", "development"], ["created_at", "2018-07-26 17:25:55.498600"], ["updated_at", "2018-07-26 17:25:55.498600"]]
  [1m[35m (2.5ms)[0m  [1m[36mcommit transaction[0m
  [1m[35m (0.3ms)[0m  [1m[34mSELECT "schema_migrations"."version" FROM "schema_migrations" ORDER BY "schema_migrations"."version" ASC[0m
Started GET "/" for 127.0.0.1 at 2018-07-26 20:21:55 +0200
  [1m[35m (5.1ms)[0m  [1m[34mSELECT "schema_migrations"."version" FROM "schema_migrations" ORDER BY "schema_migrations"."version" ASC[0m
Processing by Rails::WelcomeController#index as HTML
  Rendering /Users/john/.rvm/gems/ruby-2.4.1/gems/railties-5.1.6/lib/rails/templates/rails/welcome/index.html.erb
  Rendered /Users/john/.rvm/gems/ruby-2.4.1/gems/railties-5.1.6/lib/rails/templates/rails/welcome/index.html.erb (8.3ms)
Completed 200 OK in 39ms (Views: 30.2ms | ActiveRecord: 0.0ms)


Started GET "/users" for 127.0.0.1 at 2018-07-26 20:22:14 +0200
  
SyntaxError (/Users/john/Desktop/myproject83/Assistance/app/controllers/api_controller.rb:6: syntax error, unexpected '='
        @current_user || = authenticate_token
                          ^):
  
app/controllers/api_controller.rb:6: syntax error, unexpected '='
app/controllers/users_controller.rb:1:in `<top (required)>'
Started GET "/users" for 127.0.0.1 at 2018-07-26 20:22:55 +0200
  
AbstractController::ActionNotFound (The action 'index' could not be found for UsersController):
  
actionpack (5.1.6) lib/abstract_controller/base.rb:119:in `process'
actionpack (5.1.6) lib/action_controller/metal.rb:189:in `dispatch'
actionpack (5.1.6) lib/action_controller/metal.rb:253:in `dispatch'
actionpack (5.1.6) lib/action_dispatch/routing/route_set.rb:49:in `dispatch'
actionpack (5.1.6) lib/action_dispatch/routing/route_set.rb:31:in `serve'
actionpack (5.1.6) lib/action_dispatch/journey/router.rb:50:in `block in serve'
actionpack (5.1.6) lib/action_dispatch/journey/router.rb:33:in `each'
actionpack (5.1.6) lib/action_dispatch/journey/router.rb:33:in `serve'
actionpack (5.1.6) lib/action_dispatch/routing/route_set.rb:844:in `call'
rack (2.0.5) lib/rack/etag.rb:25:in `call'
rack (2.0.5) lib/rack/conditional_get.rb:25:in `call'
rack (2.0.5) lib/rack/head.rb:12:in `call'
activerecord (5.1.6) lib/active_record/migration.rb:556:in `call'
actionpack (5.1.6) lib/action_dispatch/middleware/callbacks.rb:26:in `block in call'
activesupport (5.1.6) lib/active_support/callbacks.rb:97:in `run_callbacks'
actionpack (5.1.6) lib/action_dispatch/middleware/callbacks.rb:24:in `call'
actionpack (5.1.6) lib/action_dispatch/middleware/executor.rb:12:in `call'
actionpack (5.1.6) lib/action_dispatch/middleware/debug_exceptions.rb:59:in `call'
actionpack (5.1.6) lib/action_dispatch/middleware/show_exceptions.rb:31:in `call'
railties (5.1.6) lib/rails/rack/logger.rb:36:in `call_app'
railties (5.1.6) lib/rails/rack/logger.rb:24:in `block in call'
activesupport (5.1.6) lib/active_support/tagged_logging.rb:69:in `block in tagged'
activesupport (5.1.6) lib/active_support/tagged_logging.rb:26:in `tagged'
activesupport (5.1.6) lib/active_support/tagged_logging.rb:69:in `tagged'
railties (5.1.6) lib/rails/rack/logger.rb:24:in `call'
actionpack (5.1.6) lib/action_dispatch/middleware/remote_ip.rb:79:in `call'
actionpack (5.1.6) lib/action_dispatch/middleware/request_id.rb:25:in `call'
rack (2.0.5) lib/rack/runtime.rb:22:in `call'
activesupport (5.1.6) lib/active_support/cache/strategy/local_cache_middleware.rb:27:in `call'
actionpack (5.1.6) lib/action_dispatch/middleware/executor.rb:12:in `call'
actionpack (5.1.6) lib/action_dispatch/middleware/static.rb:125:in `call'
rack (2.0.5) lib/rack/sendfile.rb:111:in `call'
railties (5.1.6) lib/rails/engine.rb:522:in `call'
puma (3.12.0) lib/puma/configuration.rb:225:in `call'
puma (3.12.0) lib/puma/server.rb:658:in `handle_request'
puma (3.12.0) lib/puma/server.rb:472:in `process_client'
puma (3.12.0) lib/puma/server.rb:332:in `block in run'
puma (3.12.0) lib/puma/thread_pool.rb:133:in `block in spawn_thread'
Started GET "/favicon.ico" for 127.0.0.1 at 2018-07-26 20:22:55 +0200
  
ActionController::RoutingError (No route matches [GET] "/favicon.ico"):
  
actionpack (5.1.6) lib/action_dispatch/middleware/debug_exceptions.rb:63:in `call'
actionpack (5.1.6) lib/action_dispatch/middleware/show_exceptions.rb:31:in `call'
railties (5.1.6) lib/rails/rack/logger.rb:36:in `call_app'
railties (5.1.6) lib/rails/rack/logger.rb:24:in `block in call'
activesupport (5.1.6) lib/active_support/tagged_logging.rb:69:in `block in tagged'
activesupport (5.1.6) lib/active_support/tagged_logging.rb:26:in `tagged'
activesupport (5.1.6) lib/active_support/tagged_logging.rb:69:in `tagged'
railties (5.1.6) lib/rails/rack/logger.rb:24:in `call'
actionpack (5.1.6) lib/action_dispatch/middleware/remote_ip.rb:79:in `call'
actionpack (5.1.6) lib/action_dispatch/middleware/request_id.rb:25:in `call'
rack (2.0.5) lib/rack/runtime.rb:22:in `call'
activesupport (5.1.6) lib/active_support/cache/strategy/local_cache_middleware.rb:27:in `call'
actionpack (5.1.6) lib/action_dispatch/middleware/executor.rb:12:in `call'
actionpack (5.1.6) lib/action_dispatch/middleware/static.rb:125:in `call'
rack (2.0.5) lib/rack/sendfile.rb:111:in `call'
railties (5.1.6) lib/rails/engine.rb:522:in `call'
puma (3.12.0) lib/puma/configuration.rb:225:in `call'
puma (3.12.0) lib/puma/server.rb:658:in `handle_request'
puma (3.12.0) lib/puma/server.rb:472:in `process_client'
puma (3.12.0) lib/puma/server.rb:332:in `block in run'
puma (3.12.0) lib/puma/thread_pool.rb:133:in `block in spawn_thread'
Started GET "/users/create" for 127.0.0.1 at 2018-07-26 20:23:21 +0200
  
AbstractController::ActionNotFound (The action 'show' could not be found for UsersController):
  
actionpack (5.1.6) lib/abstract_controller/base.rb:119:in `process'
actionpack (5.1.6) lib/action_controller/metal.rb:189:in `dispatch'
actionpack (5.1.6) lib/action_controller/metal.rb:253:in `dispatch'
actionpack (5.1.6) lib/action_dispatch/routing/route_set.rb:49:in `dispatch'
actionpack (5.1.6) lib/action_dispatch/routing/route_set.rb:31:in `serve'
actionpack (5.1.6) lib/action_dispatch/journey/router.rb:50:in `block in serve'
actionpack (5.1.6) lib/action_dispatch/journey/router.rb:33:in `each'
actionpack (5.1.6) lib/action_dispatch/journey/router.rb:33:in `serve'
actionpack (5.1.6) lib/action_dispatch/routing/route_set.rb:844:in `call'
rack (2.0.5) lib/rack/etag.rb:25:in `call'
rack (2.0.5) lib/rack/conditional_get.rb:25:in `call'
rack (2.0.5) lib/rack/head.rb:12:in `call'
activerecord (5.1.6) lib/active_record/migration.rb:556:in `call'
actionpack (5.1.6) lib/action_dispatch/middleware/callbacks.rb:26:in `block in call'
activesupport (5.1.6) lib/active_support/callbacks.rb:97:in `run_callbacks'
actionpack (5.1.6) lib/action_dispatch/middleware/callbacks.rb:24:in `call'
actionpack (5.1.6) lib/action_dispatch/middleware/executor.rb:12:in `call'
actionpack (5.1.6) lib/action_dispatch/middleware/debug_exceptions.rb:59:in `call'
actionpack (5.1.6) lib/action_dispatch/middleware/show_exceptions.rb:31:in `call'
railties (5.1.6) lib/rails/rack/logger.rb:36:in `call_app'
railties (5.1.6) lib/rails/rack/logger.rb:24:in `block in call'
activesupport (5.1.6) lib/active_support/tagged_logging.rb:69:in `block in tagged'
activesupport (5.1.6) lib/active_support/tagged_logging.rb:26:in `tagged'
activesupport (5.1.6) lib/active_support/tagged_logging.rb:69:in `tagged'
railties (5.1.6) lib/rails/rack/logger.rb:24:in `call'
actionpack (5.1.6) lib/action_dispatch/middleware/remote_ip.rb:79:in `call'
actionpack (5.1.6) lib/action_dispatch/middleware/request_id.rb:25:in `call'
rack (2.0.5) lib/rack/runtime.rb:22:in `call'
activesupport (5.1.6) lib/active_support/cache/strategy/local_cache_middleware.rb:27:in `call'
actionpack (5.1.6) lib/action_dispatch/middleware/executor.rb:12:in `call'
actionpack (5.1.6) lib/action_dispatch/middleware/static.rb:125:in `call'
rack (2.0.5) lib/rack/sendfile.rb:111:in `call'
railties (5.1.6) lib/rails/engine.rb:522:in `call'
puma (3.12.0) lib/puma/configuration.rb:225:in `call'
puma (3.12.0) lib/puma/server.rb:658:in `handle_request'
puma (3.12.0) lib/puma/server.rb:472:in `process_client'
puma (3.12.0) lib/puma/server.rb:332:in `block in run'
puma (3.12.0) lib/puma/thread_pool.rb:133:in `block in spawn_thread'
Started GET "/users/create" for 127.0.0.1 at 2018-07-26 20:23:28 +0200
  
AbstractController::ActionNotFound (The action 'show' could not be found for UsersController):
  
actionpack (5.1.6) lib/abstract_controller/base.rb:119:in `process'
actionpack (5.1.6) lib/action_controller/metal.rb:189:in `dispatch'
actionpack (5.1.6) lib/action_controller/metal.rb:253:in `dispatch'
actionpack (5.1.6) lib/action_dispatch/routing/route_set.rb:49:in `dispatch'
actionpack (5.1.6) lib/action_dispatch/routing/route_set.rb:31:in `serve'
actionpack (5.1.6) lib/action_dispatch/journey/router.rb:50:in `block in serve'
actionpack (5.1.6) lib/action_dispatch/journey/router.rb:33:in `each'
actionpack (5.1.6) lib/action_dispatch/journey/router.rb:33:in `serve'
actionpack (5.1.6) lib/action_dispatch/routing/route_set.rb:844:in `call'
rack (2.0.5) lib/rack/etag.rb:25:in `call'
rack (2.0.5) lib/rack/conditional_get.rb:25:in `call'
rack (2.0.5) lib/rack/head.rb:12:in `call'
activerecord (5.1.6) lib/active_record/migration.rb:556:in `call'
actionpack (5.1.6) lib/action_dispatch/middleware/callbacks.rb:26:in `block in call'
activesupport (5.1.6) lib/active_support/callbacks.rb:97:in `run_callbacks'
actionpack (5.1.6) lib/action_dispatch/middleware/callbacks.rb:24:in `call'
actionpack (5.1.6) lib/action_dispatch/middleware/executor.rb:12:in `call'
actionpack (5.1.6) lib/action_dispatch/middleware/debug_exceptions.rb:59:in `call'
actionpack (5.1.6) lib/action_dispatch/middleware/show_exceptions.rb:31:in `call'
railties (5.1.6) lib/rails/rack/logger.rb:36:in `call_app'
railties (5.1.6) lib/rails/rack/logger.rb:24:in `block in call'
activesupport (5.1.6) lib/active_support/tagged_logging.rb:69:in `block in tagged'
activesupport (5.1.6) lib/active_support/tagged_logging.rb:26:in `tagged'
activesupport (5.1.6) lib/active_support/tagged_logging.rb:69:in `tagged'
railties (5.1.6) lib/rails/rack/logger.rb:24:in `call'
actionpack (5.1.6) lib/action_dispatch/middleware/remote_ip.rb:79:in `call'
actionpack (5.1.6) lib/action_dispatch/middleware/request_id.rb:25:in `call'
rack (2.0.5) lib/rack/runtime.rb:22:in `call'
activesupport (5.1.6) lib/active_support/cache/strategy/local_cache_middleware.rb:27:in `call'
actionpack (5.1.6) lib/action_dispatch/middleware/executor.rb:12:in `call'
actionpack (5.1.6) lib/action_dispatch/middleware/static.rb:125:in `call'
rack (2.0.5) lib/rack/sendfile.rb:111:in `call'
railties (5.1.6) lib/rails/engine.rb:522:in `call'
puma (3.12.0) lib/puma/configuration.rb:225:in `call'
puma (3.12.0) lib/puma/server.rb:658:in `handle_request'
puma (3.12.0) lib/puma/server.rb:472:in `process_client'
puma (3.12.0) lib/puma/server.rb:332:in `block in run'
puma (3.12.0) lib/puma/thread_pool.rb:133:in `block in spawn_thread'
Started POST "/" for 127.0.0.1 at 2018-07-26 20:33:35 +0200
  
ActionController::RoutingError (No route matches [POST] "/"):
  
actionpack (5.1.6) lib/action_dispatch/middleware/debug_exceptions.rb:63:in `call'
actionpack (5.1.6) lib/action_dispatch/middleware/show_exceptions.rb:31:in `call'
railties (5.1.6) lib/rails/rack/logger.rb:36:in `call_app'
railties (5.1.6) lib/rails/rack/logger.rb:24:in `block in call'
activesupport (5.1.6) lib/active_support/tagged_logging.rb:69:in `block in tagged'
activesupport (5.1.6) lib/active_support/tagged_logging.rb:26:in `tagged'
activesupport (5.1.6) lib/active_support/tagged_logging.rb:69:in `tagged'
railties (5.1.6) lib/rails/rack/logger.rb:24:in `call'
actionpack (5.1.6) lib/action_dispatch/middleware/remote_ip.rb:79:in `call'
actionpack (5.1.6) lib/action_dispatch/middleware/request_id.rb:25:in `call'
rack (2.0.5) lib/rack/runtime.rb:22:in `call'
activesupport (5.1.6) lib/active_support/cache/strategy/local_cache_middleware.rb:27:in `call'
actionpack (5.1.6) lib/action_dispatch/middleware/executor.rb:12:in `call'
actionpack (5.1.6) lib/action_dispatch/middleware/static.rb:125:in `call'
rack (2.0.5) lib/rack/sendfile.rb:111:in `call'
railties (5.1.6) lib/rails/engine.rb:522:in `call'
puma (3.12.0) lib/puma/configuration.rb:225:in `call'
puma (3.12.0) lib/puma/server.rb:658:in `handle_request'
puma (3.12.0) lib/puma/server.rb:472:in `process_client'
puma (3.12.0) lib/puma/server.rb:332:in `block in run'
puma (3.12.0) lib/puma/thread_pool.rb:133:in `block in spawn_thread'
Started POST "/users" for 127.0.0.1 at 2018-07-26 20:34:46 +0200
Processing by UsersController#create as */*
  Parameters: {"user"=>{"firstname"=>"John", "lastname"=>"Kadahizi", "email"=>"jbatgoal@yahoo.fr", "password_digest"=>"[FILTERED]"}}
Unpermitted parameters: :firstname, :lastname, :password_digest
  [1m[35m (0.1ms)[0m  [1m[36mbegin transaction[0m
  [1m[36mUser Exists (2.2ms)[0m  [1m[34mSELECT  1 AS one FROM "users" WHERE "users"."email" = ? LIMIT ?[0m  [["email", "jbatgoal@yahoo.fr"], ["LIMIT", 1]]
  [1m[35m (0.1ms)[0m  [1m[31mrollback transaction[0m
Completed 422 Unprocessable Entity in 84ms (ActiveRecord: 3.8ms)


  
ActiveRecord::RecordInvalid (Validation failed: Password can't be blank):
  
app/controllers/users_controller.rb:4:in `create'
Started POST "/users" for 127.0.0.1 at 2018-07-26 20:36:55 +0200
Processing by UsersController#create as */*
  Parameters: {"user"=>{"firstname"=>"John", "lastname"=>"Kadahizi", "email"=>"jbatgoal@yahoo.fr", "password_digest"=>"[FILTERED]"}}
Unpermitted parameters: :firstname, :lastname, :password_digest
  [1m[35m (0.1ms)[0m  [1m[36mbegin transaction[0m
  [1m[36mUser Exists (0.5ms)[0m  [1m[34mSELECT  1 AS one FROM "users" WHERE "users"."email" = ? LIMIT ?[0m  [["email", "jbatgoal@yahoo.fr"], ["LIMIT", 1]]
  [1m[35m (0.1ms)[0m  [1m[31mrollback transaction[0m
Completed 422 Unprocessable Entity in 4ms (ActiveRecord: 0.7ms)


  
ActiveRecord::RecordInvalid (Validation failed: Password can't be blank):
  
app/controllers/users_controller.rb:4:in `create'
Started POST "/users" for 127.0.0.1 at 2018-07-26 20:36:57 +0200
Processing by UsersController#create as */*
  Parameters: {"user"=>{"firstname"=>"John", "lastname"=>"Kadahizi", "email"=>"jbatgoal@yahoo.fr", "password_digest"=>"[FILTERED]"}}
Unpermitted parameters: :firstname, :lastname, :password_digest
  [1m[35m (0.1ms)[0m  [1m[36mbegin transaction[0m
  [1m[36mUser Exists (0.2ms)[0m  [1m[34mSELECT  1 AS one FROM "users" WHERE "users"."email" = ? LIMIT ?[0m  [["email", "jbatgoal@yahoo.fr"], ["LIMIT", 1]]
  [1m[35m (0.1ms)[0m  [1m[31mrollback transaction[0m
Completed 422 Unprocessable Entity in 5ms (ActiveRecord: 0.5ms)


  
ActiveRecord::RecordInvalid (Validation failed: Password can't be blank):
  
app/controllers/users_controller.rb:4:in `create'
Started POST "/users" for 127.0.0.1 at 2018-07-26 20:37:25 +0200
Processing by UsersController#create as */*
  Parameters: {"user"=>{"firstname"=>"John", "lastname"=>"Kadahizi", "email"=>"jbatgoal@yahoo.fr", "password_digest"=>"[FILTERED]"}}
Unpermitted parameters: :firstname, :lastname, :password_digest
  [1m[35m (0.1ms)[0m  [1m[36mbegin transaction[0m
  [1m[36mUser Exists (0.1ms)[0m  [1m[34mSELECT  1 AS one FROM "users" WHERE "users"."email" = ? LIMIT ?[0m  [["email", "jbatgoal@yahoo.fr"], ["LIMIT", 1]]
  [1m[35m (0.1ms)[0m  [1m[31mrollback transaction[0m
Completed 422 Unprocessable Entity in 3ms (ActiveRecord: 0.3ms)


  
ActiveRecord::RecordInvalid (Validation failed: Password can't be blank):
  
app/controllers/users_controller.rb:4:in `create'
Started GET "/users" for 127.0.0.1 at 2018-07-26 20:37:30 +0200
  
AbstractController::ActionNotFound (The action 'index' could not be found for UsersController):
  
actionpack (5.1.6) lib/abstract_controller/base.rb:119:in `process'
actionpack (5.1.6) lib/action_controller/metal.rb:189:in `dispatch'
actionpack (5.1.6) lib/action_controller/metal.rb:253:in `dispatch'
actionpack (5.1.6) lib/action_dispatch/routing/route_set.rb:49:in `dispatch'
actionpack (5.1.6) lib/action_dispatch/routing/route_set.rb:31:in `serve'
actionpack (5.1.6) lib/action_dispatch/journey/router.rb:50:in `block in serve'
actionpack (5.1.6) lib/action_dispatch/journey/router.rb:33:in `each'
actionpack (5.1.6) lib/action_dispatch/journey/router.rb:33:in `serve'
actionpack (5.1.6) lib/action_dispatch/routing/route_set.rb:844:in `call'
rack (2.0.5) lib/rack/etag.rb:25:in `call'
rack (2.0.5) lib/rack/conditional_get.rb:25:in `call'
rack (2.0.5) lib/rack/head.rb:12:in `call'
activerecord (5.1.6) lib/active_record/migration.rb:556:in `call'
actionpack (5.1.6) lib/action_dispatch/middleware/callbacks.rb:26:in `block in call'
activesupport (5.1.6) lib/active_support/callbacks.rb:97:in `run_callbacks'
actionpack (5.1.6) lib/action_dispatch/middleware/callbacks.rb:24:in `call'
actionpack (5.1.6) lib/action_dispatch/middleware/executor.rb:12:in `call'
actionpack (5.1.6) lib/action_dispatch/middleware/debug_exceptions.rb:59:in `call'
actionpack (5.1.6) lib/action_dispatch/middleware/show_exceptions.rb:31:in `call'
railties (5.1.6) lib/rails/rack/logger.rb:36:in `call_app'
railties (5.1.6) lib/rails/rack/logger.rb:24:in `block in call'
activesupport (5.1.6) lib/active_support/tagged_logging.rb:69:in `block in tagged'
activesupport (5.1.6) lib/active_support/tagged_logging.rb:26:in `tagged'
activesupport (5.1.6) lib/active_support/tagged_logging.rb:69:in `tagged'
railties (5.1.6) lib/rails/rack/logger.rb:24:in `call'
actionpack (5.1.6) lib/action_dispatch/middleware/remote_ip.rb:79:in `call'
actionpack (5.1.6) lib/action_dispatch/middleware/request_id.rb:25:in `call'
rack (2.0.5) lib/rack/runtime.rb:22:in `call'
activesupport (5.1.6) lib/active_support/cache/strategy/local_cache_middleware.rb:27:in `call'
actionpack (5.1.6) lib/action_dispatch/middleware/executor.rb:12:in `call'
actionpack (5.1.6) lib/action_dispatch/middleware/static.rb:125:in `call'
rack (2.0.5) lib/rack/sendfile.rb:111:in `call'
railties (5.1.6) lib/rails/engine.rb:522:in `call'
puma (3.12.0) lib/puma/configuration.rb:225:in `call'
puma (3.12.0) lib/puma/server.rb:658:in `handle_request'
puma (3.12.0) lib/puma/server.rb:472:in `process_client'
puma (3.12.0) lib/puma/server.rb:332:in `block in run'
puma (3.12.0) lib/puma/thread_pool.rb:133:in `block in spawn_thread'
Started GET "/users" for 127.0.0.1 at 2018-07-26 20:40:05 +0200
  
AbstractController::ActionNotFound (The action 'index' could not be found for UsersController):
  
actionpack (5.1.6) lib/abstract_controller/base.rb:119:in `process'
actionpack (5.1.6) lib/action_controller/metal.rb:189:in `dispatch'
actionpack (5.1.6) lib/action_controller/metal.rb:253:in `dispatch'
actionpack (5.1.6) lib/action_dispatch/routing/route_set.rb:49:in `dispatch'
actionpack (5.1.6) lib/action_dispatch/routing/route_set.rb:31:in `serve'
actionpack (5.1.6) lib/action_dispatch/journey/router.rb:50:in `block in serve'
actionpack (5.1.6) lib/action_dispatch/journey/router.rb:33:in `each'
actionpack (5.1.6) lib/action_dispatch/journey/router.rb:33:in `serve'
actionpack (5.1.6) lib/action_dispatch/routing/route_set.rb:844:in `call'
rack (2.0.5) lib/rack/etag.rb:25:in `call'
rack (2.0.5) lib/rack/conditional_get.rb:25:in `call'
rack (2.0.5) lib/rack/head.rb:12:in `call'
activerecord (5.1.6) lib/active_record/migration.rb:556:in `call'
actionpack (5.1.6) lib/action_dispatch/middleware/callbacks.rb:26:in `block in call'
activesupport (5.1.6) lib/active_support/callbacks.rb:97:in `run_callbacks'
actionpack (5.1.6) lib/action_dispatch/middleware/callbacks.rb:24:in `call'
actionpack (5.1.6) lib/action_dispatch/middleware/executor.rb:12:in `call'
actionpack (5.1.6) lib/action_dispatch/middleware/debug_exceptions.rb:59:in `call'
actionpack (5.1.6) lib/action_dispatch/middleware/show_exceptions.rb:31:in `call'
railties (5.1.6) lib/rails/rack/logger.rb:36:in `call_app'
railties (5.1.6) lib/rails/rack/logger.rb:24:in `block in call'
activesupport (5.1.6) lib/active_support/tagged_logging.rb:69:in `block in tagged'
activesupport (5.1.6) lib/active_support/tagged_logging.rb:26:in `tagged'
activesupport (5.1.6) lib/active_support/tagged_logging.rb:69:in `tagged'
railties (5.1.6) lib/rails/rack/logger.rb:24:in `call'
actionpack (5.1.6) lib/action_dispatch/middleware/remote_ip.rb:79:in `call'
actionpack (5.1.6) lib/action_dispatch/middleware/request_id.rb:25:in `call'
rack (2.0.5) lib/rack/runtime.rb:22:in `call'
activesupport (5.1.6) lib/active_support/cache/strategy/local_cache_middleware.rb:27:in `call'
actionpack (5.1.6) lib/action_dispatch/middleware/executor.rb:12:in `call'
actionpack (5.1.6) lib/action_dispatch/middleware/static.rb:125:in `call'
rack (2.0.5) lib/rack/sendfile.rb:111:in `call'
railties (5.1.6) lib/rails/engine.rb:522:in `call'
puma (3.12.0) lib/puma/configuration.rb:225:in `call'
puma (3.12.0) lib/puma/server.rb:658:in `handle_request'
puma (3.12.0) lib/puma/server.rb:472:in `process_client'
puma (3.12.0) lib/puma/server.rb:332:in `block in run'
puma (3.12.0) lib/puma/thread_pool.rb:133:in `block in spawn_thread'
Started GET "/login" for 127.0.0.1 at 2018-07-26 20:52:32 +0200
  
ActionController::RoutingError (No route matches [GET] "/login"):
  
actionpack (5.1.6) lib/action_dispatch/middleware/debug_exceptions.rb:63:in `call'
actionpack (5.1.6) lib/action_dispatch/middleware/show_exceptions.rb:31:in `call'
railties (5.1.6) lib/rails/rack/logger.rb:36:in `call_app'
railties (5.1.6) lib/rails/rack/logger.rb:24:in `block in call'
activesupport (5.1.6) lib/active_support/tagged_logging.rb:69:in `block in tagged'
activesupport (5.1.6) lib/active_support/tagged_logging.rb:26:in `tagged'
activesupport (5.1.6) lib/active_support/tagged_logging.rb:69:in `tagged'
railties (5.1.6) lib/rails/rack/logger.rb:24:in `call'
actionpack (5.1.6) lib/action_dispatch/middleware/remote_ip.rb:79:in `call'
actionpack (5.1.6) lib/action_dispatch/middleware/request_id.rb:25:in `call'
rack (2.0.5) lib/rack/runtime.rb:22:in `call'
activesupport (5.1.6) lib/active_support/cache/strategy/local_cache_middleware.rb:27:in `call'
actionpack (5.1.6) lib/action_dispatch/middleware/executor.rb:12:in `call'
actionpack (5.1.6) lib/action_dispatch/middleware/static.rb:125:in `call'
rack (2.0.5) lib/rack/sendfile.rb:111:in `call'
railties (5.1.6) lib/rails/engine.rb:522:in `call'
puma (3.12.0) lib/puma/configuration.rb:225:in `call'
puma (3.12.0) lib/puma/server.rb:658:in `handle_request'
puma (3.12.0) lib/puma/server.rb:472:in `process_client'
puma (3.12.0) lib/puma/server.rb:332:in `block in run'
puma (3.12.0) lib/puma/thread_pool.rb:133:in `block in spawn_thread'
Started POST "/login" for 127.0.0.1 at 2018-07-26 20:52:49 +0200
Processing by SessionsController#create as */*
  Parameters: {"user"=>{"firstname"=>"John", "lastname"=>"Kadahizi", "email"=>"jbatgoal@yahoo.fr", "password_digest"=>"[FILTERED]"}, "session"=>{"user"=>{"firstname"=>"John", "lastname"=>"Kadahizi", "email"=>"jbatgoal@yahoo.fr", "password_digest"=>"[FILTERED]"}}}
  [1m[36mUser Load (0.2ms)[0m  [1m[34mSELECT  "users".* FROM "users" WHERE "users"."email" IS NULL LIMIT ?[0m  [["LIMIT", 1]]
Completed 500 Internal Server Error in 4ms (ActiveRecord: 0.2ms)


  
NoMethodError (undefined method `authenticate' for nil:NilClass):
  
app/models/user.rb:10:in `validate_login'
app/controllers/sessions_controller.rb:4:in `create'
Started POST "/login" for 127.0.0.1 at 2018-07-26 20:53:24 +0200
Processing by SessionsController#create as */*
  Parameters: {"user"=>{"firstname"=>"John", "lastname"=>"Kadahizi", "email"=>"jbatgoal@yahoo.fr", "password_digest"=>"[FILTERED]"}, "session"=>{"user"=>{"firstname"=>"John", "lastname"=>"Kadahizi", "email"=>"jbatgoal@yahoo.fr", "password_digest"=>"[FILTERED]"}}}
  [1m[36mUser Load (0.3ms)[0m  [1m[34mSELECT  "users".* FROM "users" WHERE "users"."email" IS NULL LIMIT ?[0m  [["LIMIT", 1]]
Completed 500 Internal Server Error in 4ms (ActiveRecord: 0.3ms)


  
NoMethodError (undefined method `authenticate' for nil:NilClass):
  
app/models/user.rb:10:in `validate_login'
app/controllers/sessions_controller.rb:4:in `create'
Started GET "/users" for 127.0.0.1 at 2018-07-26 21:05:48 +0200
  
AbstractController::ActionNotFound (The action 'index' could not be found for UsersController):
  
actionpack (5.1.6) lib/abstract_controller/base.rb:119:in `process'
actionpack (5.1.6) lib/action_controller/metal.rb:189:in `dispatch'
actionpack (5.1.6) lib/action_controller/metal.rb:253:in `dispatch'
actionpack (5.1.6) lib/action_dispatch/routing/route_set.rb:49:in `dispatch'
actionpack (5.1.6) lib/action_dispatch/routing/route_set.rb:31:in `serve'
actionpack (5.1.6) lib/action_dispatch/journey/router.rb:50:in `block in serve'
actionpack (5.1.6) lib/action_dispatch/journey/router.rb:33:in `each'
actionpack (5.1.6) lib/action_dispatch/journey/router.rb:33:in `serve'
actionpack (5.1.6) lib/action_dispatch/routing/route_set.rb:844:in `call'
rack (2.0.5) lib/rack/etag.rb:25:in `call'
rack (2.0.5) lib/rack/conditional_get.rb:25:in `call'
rack (2.0.5) lib/rack/head.rb:12:in `call'
activerecord (5.1.6) lib/active_record/migration.rb:556:in `call'
actionpack (5.1.6) lib/action_dispatch/middleware/callbacks.rb:26:in `block in call'
activesupport (5.1.6) lib/active_support/callbacks.rb:97:in `run_callbacks'
actionpack (5.1.6) lib/action_dispatch/middleware/callbacks.rb:24:in `call'
actionpack (5.1.6) lib/action_dispatch/middleware/executor.rb:12:in `call'
actionpack (5.1.6) lib/action_dispatch/middleware/debug_exceptions.rb:59:in `call'
actionpack (5.1.6) lib/action_dispatch/middleware/show_exceptions.rb:31:in `call'
railties (5.1.6) lib/rails/rack/logger.rb:36:in `call_app'
railties (5.1.6) lib/rails/rack/logger.rb:24:in `block in call'
activesupport (5.1.6) lib/active_support/tagged_logging.rb:69:in `block in tagged'
activesupport (5.1.6) lib/active_support/tagged_logging.rb:26:in `tagged'
activesupport (5.1.6) lib/active_support/tagged_logging.rb:69:in `tagged'
railties (5.1.6) lib/rails/rack/logger.rb:24:in `call'
actionpack (5.1.6) lib/action_dispatch/middleware/remote_ip.rb:79:in `call'
actionpack (5.1.6) lib/action_dispatch/middleware/request_id.rb:25:in `call'
rack (2.0.5) lib/rack/runtime.rb:22:in `call'
activesupport (5.1.6) lib/active_support/cache/strategy/local_cache_middleware.rb:27:in `call'
actionpack (5.1.6) lib/action_dispatch/middleware/executor.rb:12:in `call'
actionpack (5.1.6) lib/action_dispatch/middleware/static.rb:125:in `call'
rack (2.0.5) lib/rack/sendfile.rb:111:in `call'
railties (5.1.6) lib/rails/engine.rb:522:in `call'
puma (3.12.0) lib/puma/configuration.rb:225:in `call'
puma (3.12.0) lib/puma/server.rb:658:in `handle_request'
puma (3.12.0) lib/puma/server.rb:472:in `process_client'
puma (3.12.0) lib/puma/server.rb:332:in `block in run'
puma (3.12.0) lib/puma/thread_pool.rb:133:in `block in spawn_thread'
Started POST "/users" for 127.0.0.1 at 2018-07-26 21:08:10 +0200
Processing by UsersController#create as */*
Completed 400 Bad Request in 10ms


  
ActionController::ParameterMissing (param is missing or the value is empty: user):
  
app/controllers/users_controller.rb:17:in `user_parms'
app/controllers/users_controller.rb:8:in `create'
Started POST "/users" for 127.0.0.1 at 2018-07-26 21:08:16 +0200
Processing by UsersController#create as */*
Completed 400 Bad Request in 0ms


  
ActionController::ParameterMissing (param is missing or the value is empty: user):
  
app/controllers/users_controller.rb:17:in `user_parms'
app/controllers/users_controller.rb:8:in `create'
Started GET "/users" for 127.0.0.1 at 2018-07-26 21:14:31 +0200
Processing by UsersController#index as */*
Filter chain halted as :require_login rendered or redirected
Completed 401 Unauthorized in 1ms (Views: 0.4ms)


Started POST "/users" for 127.0.0.1 at 2018-07-26 21:15:45 +0200
Processing by UsersController#create as */*
Completed 400 Bad Request in 9ms


  
ActionController::ParameterMissing (param is missing or the value is empty: user):
  
app/controllers/users_controller.rb:17:in `user_params'
app/controllers/users_controller.rb:8:in `create'
Started GET "/users" for 127.0.0.1 at 2018-07-26 21:15:49 +0200
Processing by UsersController#index as */*
Filter chain halted as :require_login rendered or redirected
Completed 401 Unauthorized in 1ms (Views: 0.3ms)


Started POST "/users" for 127.0.0.1 at 2018-07-26 21:20:09 +0200
Processing by UsersController#create as */*
  Parameters: {"user"=>{"first_name"=>"sofie", "last_name"=>"kadahizi", "email"=>"test@yaoo.com", "password"=>"[FILTERED]"}}
  [1m[35m (0.1ms)[0m  [1m[36mbegin transaction[0m
  [1m[36mUser Exists (2.2ms)[0m  [1m[34mSELECT  1 AS one FROM "users" WHERE "users"."email" = ? LIMIT ?[0m  [["email", "test@yaoo.com"], ["LIMIT", 1]]
  [1m[35mSQL (3.3ms)[0m  [1m[32mINSERT INTO "users" ("first_name", "last_name", "email", "password_digest", "auth_token", "created_at", "updated_at") VALUES (?, ?, ?, ?, ?, ?, ?)[0m  [["first_name", "sofie"], ["last_name", "kadahizi"], ["email", "test@yaoo.com"], ["password_digest", "$2a$10$jCFEBdaFgoXct6JaZ0eP4uviU0m/.Oqx/WdJ4glDED5kxmdf4NE1i"], ["auth_token", "V1m89vnXNWGgbFbqkiibmxKv"], ["created_at", "2018-07-26 19:20:09.337150"], ["updated_at", "2018-07-26 19:20:09.337150"]]
  [1m[35m (3.2ms)[0m  [1m[36mcommit transaction[0m
Completed 200 OK in 129ms (Views: 0.2ms | ActiveRecord: 9.9ms)


Started POST "/login" for 127.0.0.1 at 2018-07-26 21:24:00 +0200
Error occurred while parsing request parameters.
Contents:

 "email": "test@yaoo.com",
 "password": "test123"
  

  
ActionDispatch::Http::Parameters::ParseError (743: unexpected token at ': "test@yaoo.com",
 "password": "test123"
  
'):
  
actionpack (5.1.6) lib/action_dispatch/http/parameters.rb:115:in `rescue in parse_formatted_parameters'
actionpack (5.1.6) lib/action_dispatch/http/parameters.rb:109:in `parse_formatted_parameters'
actionpack (5.1.6) lib/action_dispatch/http/request.rb:361:in `block in POST'
rack (2.0.5) lib/rack/request.rb:57:in `fetch'
rack (2.0.5) lib/rack/request.rb:57:in `fetch_header'
actionpack (5.1.6) lib/action_dispatch/http/request.rb:360:in `POST'
actionpack (5.1.6) lib/action_controller/metal/params_wrapper.rb:286:in `_wrapper_enabled?'
actionpack (5.1.6) lib/action_controller/metal/params_wrapper.rb:235:in `process_action'
activerecord (5.1.6) lib/active_record/railties/controller_runtime.rb:22:in `process_action'
actionpack (5.1.6) lib/abstract_controller/base.rb:124:in `process'
actionpack (5.1.6) lib/action_controller/metal.rb:189:in `dispatch'
actionpack (5.1.6) lib/action_controller/metal.rb:253:in `dispatch'
actionpack (5.1.6) lib/action_dispatch/routing/route_set.rb:49:in `dispatch'
actionpack (5.1.6) lib/action_dispatch/routing/route_set.rb:31:in `serve'
actionpack (5.1.6) lib/action_dispatch/journey/router.rb:50:in `block in serve'
actionpack (5.1.6) lib/action_dispatch/journey/router.rb:33:in `each'
actionpack (5.1.6) lib/action_dispatch/journey/router.rb:33:in `serve'
actionpack (5.1.6) lib/action_dispatch/routing/route_set.rb:844:in `call'
rack (2.0.5) lib/rack/etag.rb:25:in `call'
rack (2.0.5) lib/rack/conditional_get.rb:38:in `call'
rack (2.0.5) lib/rack/head.rb:12:in `call'
activerecord (5.1.6) lib/active_record/migration.rb:556:in `call'
actionpack (5.1.6) lib/action_dispatch/middleware/callbacks.rb:26:in `block in call'
activesupport (5.1.6) lib/active_support/callbacks.rb:97:in `run_callbacks'
actionpack (5.1.6) lib/action_dispatch/middleware/callbacks.rb:24:in `call'
actionpack (5.1.6) lib/action_dispatch/middleware/executor.rb:12:in `call'
actionpack (5.1.6) lib/action_dispatch/middleware/debug_exceptions.rb:59:in `call'
actionpack (5.1.6) lib/action_dispatch/middleware/show_exceptions.rb:31:in `call'
railties (5.1.6) lib/rails/rack/logger.rb:36:in `call_app'
railties (5.1.6) lib/rails/rack/logger.rb:24:in `block in call'
activesupport (5.1.6) lib/active_support/tagged_logging.rb:69:in `block in tagged'
activesupport (5.1.6) lib/active_support/tagged_logging.rb:26:in `tagged'
activesupport (5.1.6) lib/active_support/tagged_logging.rb:69:in `tagged'
railties (5.1.6) lib/rails/rack/logger.rb:24:in `call'
actionpack (5.1.6) lib/action_dispatch/middleware/remote_ip.rb:79:in `call'
actionpack (5.1.6) lib/action_dispatch/middleware/request_id.rb:25:in `call'
rack (2.0.5) lib/rack/runtime.rb:22:in `call'
activesupport (5.1.6) lib/active_support/cache/strategy/local_cache_middleware.rb:27:in `call'
actionpack (5.1.6) lib/action_dispatch/middleware/executor.rb:12:in `call'
actionpack (5.1.6) lib/action_dispatch/middleware/static.rb:125:in `call'
rack (2.0.5) lib/rack/sendfile.rb:111:in `call'
railties (5.1.6) lib/rails/engine.rb:522:in `call'
puma (3.12.0) lib/puma/configuration.rb:225:in `call'
puma (3.12.0) lib/puma/server.rb:658:in `handle_request'
puma (3.12.0) lib/puma/server.rb:472:in `process_client'
puma (3.12.0) lib/puma/server.rb:332:in `block in run'
puma (3.12.0) lib/puma/thread_pool.rb:133:in `block in spawn_thread'
Started POST "/login" for 127.0.0.1 at 2018-07-26 21:25:17 +0200
Processing by SessionsController#create as */*
  Parameters: {"email"=>"test@yaoo.com", "password"=>"[FILTERED]", "session"=>{"email"=>"test@yaoo.com", "password"=>"[FILTERED]"}}
  [1m[36mUser Load (0.3ms)[0m  [1m[34mSELECT  "users".* FROM "users" WHERE "users"."email" = ? LIMIT ?[0m  [["email", "test@yaoo.com"], ["LIMIT", 1]]
Completed 500 Internal Server Error in 109ms (ActiveRecord: 0.3ms)


  
NoMethodError (undefined method `&' for #<User:0x007fa153d8a0d0>):
  
app/models/user.rb:10:in `validate_login'
app/controllers/sessions_controller.rb:4:in `create'
Started POST "/login" for 127.0.0.1 at 2018-07-26 21:25:27 +0200
Processing by SessionsController#create as */*
  [1m[36mUser Load (0.3ms)[0m  [1m[34mSELECT  "users".* FROM "users" WHERE "users"."email" IS NULL LIMIT ?[0m  [["LIMIT", 1]]
Completed 500 Internal Server Error in 4ms (ActiveRecord: 0.3ms)


  
NoMethodError (undefined method `authenticate' for nil:NilClass):
  
app/models/user.rb:10:in `validate_login'
app/controllers/sessions_controller.rb:4:in `create'
Started POST "/login" for 127.0.0.1 at 2018-07-26 21:26:37 +0200
Processing by SessionsController#create as */*
  [1m[36mUser Load (0.3ms)[0m  [1m[34mSELECT  "users".* FROM "users" WHERE "users"."email" IS NULL LIMIT ?[0m  [["LIMIT", 1]]
Completed 500 Internal Server Error in 4ms (ActiveRecord: 0.3ms)


  
NoMethodError (undefined method `authenticate' for nil:NilClass):
  
app/models/user.rb:10:in `validate_login'
app/controllers/sessions_controller.rb:4:in `create'
Started POST "/login" for 127.0.0.1 at 2018-07-26 21:29:17 +0200
Processing by SessionsController#create as */*
Completed 500 Internal Server Error in 36ms


  
NoMethodError (undefined method `validate_login' for User (call 'User.connection' to establish a connection):Class
Did you mean?  validate):
  
app/controllers/sessions_controller.rb:4:in `create'
Started POST "/login" for 127.0.0.1 at 2018-07-26 21:30:44 +0200
Processing by SessionsController#create as */*
  [1m[36mUser Load (2.5ms)[0m  [1m[34mSELECT  "users".* FROM "users" WHERE "users"."email" IS NULL LIMIT ?[0m  [["LIMIT", 1]]
Completed 500 Internal Server Error in 22ms (ActiveRecord: 3.3ms)


  
NoMethodError (undefined method `authenticate' for nil:NilClass):
  
app/models/user.rb:10:in `validate_login'
app/controllers/sessions_controller.rb:4:in `create'
Started POST "/users" for 127.0.0.1 at 2018-07-26 21:33:17 +0200
Processing by UsersController#create as */*
Completed 400 Bad Request in 1ms (ActiveRecord: 0.0ms)


  
ActionController::ParameterMissing (param is missing or the value is empty: user):
  
app/controllers/users_controller.rb:17:in `user_params'
app/controllers/users_controller.rb:8:in `create'
Started POST "/users" for 127.0.0.1 at 2018-07-26 21:37:28 +0200
Processing by UsersController#create as */*
Completed 400 Bad Request in 0ms (ActiveRecord: 0.0ms)


  
ActionController::ParameterMissing (param is missing or the value is empty: user):
  
app/controllers/users_controller.rb:17:in `user_params'
app/controllers/users_controller.rb:8:in `create'
Started POST "/users" for 127.0.0.1 at 2018-07-26 21:38:32 +0200
Processing by UsersController#create as */*
Completed 400 Bad Request in 10ms


  
ActionController::ParameterMissing (param is missing or the value is empty: user):
  
app/controllers/users_controller.rb:17:in `user_params'
app/controllers/users_controller.rb:8:in `create'
Started POST "/users" for 127.0.0.1 at 2018-07-26 21:39:08 +0200
Processing by UsersController#create as */*
Completed 400 Bad Request in 0ms


  
ActionController::ParameterMissing (param is missing or the value is empty: user):
  
app/controllers/users_controller.rb:17:in `user_params'
app/controllers/users_controller.rb:8:in `create'
Started GET "/users" for 127.0.0.1 at 2018-07-26 21:39:33 +0200
Processing by UsersController#index as */*
Filter chain halted as :require_login rendered or redirected
Completed 401 Unauthorized in 1ms (Views: 0.5ms)


Started POST "/users" for 127.0.0.1 at 2018-07-26 21:39:50 +0200
Processing by UsersController#create as */*
Completed 400 Bad Request in 0ms


  
ActionController::ParameterMissing (param is missing or the value is empty: user):
  
app/controllers/users_controller.rb:17:in `user_params'
app/controllers/users_controller.rb:8:in `create'
Started POST "/users" for 127.0.0.1 at 2018-07-26 21:41:10 +0200
Processing by UsersController#create as */*
Completed 400 Bad Request in 9ms


  
ActionController::ParameterMissing (param is missing or the value is empty: user):
  
app/controllers/users_controller.rb:17:in `user_params'
app/controllers/users_controller.rb:8:in `create'
Started POST "/users" for 127.0.0.1 at 2018-07-26 21:41:46 +0200
Processing by UsersController#create as */*
Completed 400 Bad Request in 0ms


  
ActionController::ParameterMissing (param is missing or the value is empty: user):
  
app/controllers/users_controller.rb:17:in `user_params'
app/controllers/users_controller.rb:8:in `create'
Started POST "/login" for 127.0.0.1 at 2018-07-26 21:47:11 +0200
Processing by SessionsController#create as */*
  Parameters: {"email"=>"test@yaoo.com", "password"=>"[FILTERED]", "session"=>{"email"=>"test@yaoo.com", "password"=>"[FILTERED]"}}
  [1m[36mUser Load (2.3ms)[0m  [1m[34mSELECT  "users".* FROM "users" WHERE "users"."email" = ? LIMIT ?[0m  [["email", "test@yaoo.com"], ["LIMIT", 1]]
Completed 500 Internal Server Error in 118ms (ActiveRecord: 3.4ms)


  
NoMethodError (undefined method `&' for #<User:0x007fa153e24b80>):
  
app/models/user.rb:10:in `validate_login'
app/controllers/sessions_controller.rb:4:in `create'
Started POST "/login" for 127.0.0.1 at 2018-07-26 21:48:00 +0200
Processing by SessionsController#create as */*
  Parameters: {"email"=>"test@yaoo.com", "password"=>"[FILTERED]", "session"=>{"email"=>"test@yaoo.com", "password"=>"[FILTERED]"}}
Completed 500 Internal Server Error in 24ms


  
NoMethodError (undefined method `validate_login' for User (call 'User.connection' to establish a connection):Class
Did you mean?  validate):
  
app/controllers/sessions_controller.rb:4:in `create'
Started POST "/login" for 127.0.0.1 at 2018-07-26 21:50:28 +0200
Processing by SessionsController#create as */*
  Parameters: {"email"=>"test@yaoo.com", "password"=>"[FILTERED]", "session"=>{"email"=>"test@yaoo.com", "password"=>"[FILTERED]"}}
Completed 500 Internal Server Error in 10ms


  
ArgumentError (Passing string to define a callback is not supported. See the `.set_callback` documentation to see supported values.):
  
app/controllers/sessions_controller.rb:4:in `create'
Started POST "/login" for 127.0.0.1 at 2018-07-26 21:51:15 +0200
Processing by SessionsController#create as */*
  Parameters: {"email"=>"test@yaoo.com", "password"=>"[FILTERED]", "session"=>{"email"=>"test@yaoo.com", "password"=>"[FILTERED]"}}
Completed 500 Internal Server Error in 4ms


  
NoMethodError (undefined method `validate_login' for nil:NilClass):
  
app/controllers/sessions_controller.rb:4:in `create'
Started POST "/login" for 127.0.0.1 at 2018-07-26 21:52:08 +0200
Processing by SessionsController#create as */*
  Parameters: {"email"=>"test@yaoo.com", "password"=>"[FILTERED]", "session"=>{"email"=>"test@yaoo.com", "password"=>"[FILTERED]"}}
  [1m[36mUser Load (2.5ms)[0m  [1m[34mSELECT  "users".* FROM "users" WHERE "users"."email" = ? LIMIT ?[0m  [["email", "test@yaoo.com"], ["LIMIT", 1]]
Completed 500 Internal Server Error in 110ms (ActiveRecord: 3.7ms)


  
NoMethodError (undefined method `&' for #<User:0x007fa153cc8598>):
  
app/models/user.rb:10:in `validate_login'
app/controllers/sessions_controller.rb:4:in `create'
Started POST "/login" for 127.0.0.1 at 2018-07-26 21:55:40 +0200
Processing by SessionsController#create as */*
  Parameters: {"email"=>"test@yaoo.com", "password"=>"[FILTERED]", "session"=>{"email"=>"test@yaoo.com", "password"=>"[FILTERED]"}}
  [1m[36mUser Load (2.2ms)[0m  [1m[34mSELECT  "users".* FROM "users" WHERE "users"."email" = ? LIMIT ?[0m  [["email", "test@yaoo.com"], ["LIMIT", 1]]
Completed 500 Internal Server Error in 110ms (ActiveRecord: 3.7ms)


  
NoMethodError (undefined method `&' for #<User:0x007fa153c8bad0>):
  
app/models/user.rb:10:in `validate_login'
app/controllers/sessions_controller.rb:4:in `create'
Started POST "/login" for 127.0.0.1 at 2018-07-26 21:55:56 +0200
Processing by SessionsController#create as */*
  Parameters: {"email"=>"test@yaoo.com", "password"=>"[FILTERED]", "session"=>{"email"=>"test@yaoo.com", "password"=>"[FILTERED]"}}
Completed 500 Internal Server Error in 23ms


  
NoMethodError (undefined method `validate_login' for User (call 'User.connection' to establish a connection):Class
Did you mean?  validate):
  
app/controllers/sessions_controller.rb:4:in `create'
Started POST "/login" for 127.0.0.1 at 2018-07-26 21:59:11 +0200
Processing by SessionsController#create as */*
  Parameters: {"email"=>"test@yaoo.com", "password"=>"[FILTERED]", "session"=>{"email"=>"test@yaoo.com", "password"=>"[FILTERED]"}}
  [1m[36mUser Load (2.2ms)[0m  [1m[34mSELECT  "users".* FROM "users" WHERE "users"."email" = ? LIMIT ?[0m  [["email", "test@yaoo.com"], ["LIMIT", 1]]
Completed 500 Internal Server Error in 114ms (ActiveRecord: 3.3ms)


  
NoMethodError (undefined method `&' for #<User:0x007fa155352db8>):
  
app/models/user.rb:10:in `validate_login'
app/controllers/sessions_controller.rb:4:in `create'
Started GET "/users" for 127.0.0.1 at 2018-07-26 21:59:32 +0200
Processing by UsersController#index as */*
Filter chain halted as :require_login rendered or redirected
Completed 401 Unauthorized in 1ms (Views: 0.2ms | ActiveRecord: 0.0ms)


  [1m[35m (2.2ms)[0m  [1m[34mSELECT "schema_migrations"."version" FROM "schema_migrations" ORDER BY "schema_migrations"."version" ASC[0m
Migrating to CreateRequests (20180726200616)
  [1m[35m (0.1ms)[0m  [1m[36mbegin transaction[0m
  [1m[35m (0.2ms)[0m  [1m[34mSELECT sqlite_version(*)[0m
  [1m[35m (1.2ms)[0m  [1m[35mCREATE TABLE "requests" ("id" INTEGER PRIMARY KEY AUTOINCREMENT NOT NULL, "title" varchar, "description" varchar, "address" varchar, "latitude" float, "longitude" float, "request_type" varchar, "status" integer DEFAULT 0, "answers_count" integer DEFAULT 0, "user_id" integer, "created_at" datetime NOT NULL, "updated_at" datetime NOT NULL)[0m
  [1m[35mSQL (2.6ms)[0m  [1m[32mINSERT INTO "schema_migrations" ("version") VALUES (?)[0m  [["version", "20180726200616"]]
  [1m[35m (3.9ms)[0m  [1m[36mcommit transaction[0m
  [1m[36mActiveRecord::InternalMetadata Load (2.7ms)[0m  [1m[34mSELECT  "ar_internal_metadata".* FROM "ar_internal_metadata" WHERE "ar_internal_metadata"."key" = ? LIMIT ?[0m  [["key", "environment"], ["LIMIT", 1]]
  [1m[35m (0.1ms)[0m  [1m[36mbegin transaction[0m
  [1m[35m (0.1ms)[0m  [1m[36mcommit transaction[0m
  [1m[35m (0.2ms)[0m  [1m[34mSELECT "schema_migrations"."version" FROM "schema_migrations" ORDER BY "schema_migrations"."version" ASC[0m
  [1m[35m (2.4ms)[0m  [1m[34mSELECT "schema_migrations"."version" FROM "schema_migrations" ORDER BY "schema_migrations"."version" ASC[0m
  [1m[35m (0.3ms)[0m  [1m[34mSELECT "schema_migrations"."version" FROM "schema_migrations" ORDER BY "schema_migrations"."version" ASC[0m
  [1m[35m (0.1ms)[0m  [1m[34mSELECT "schema_migrations"."version" FROM "schema_migrations" ORDER BY "schema_migrations"."version" ASC[0m
  [1m[35m (0.1ms)[0m  [1m[36mbegin transaction[0m
  [1m[36mUser Load (2.5ms)[0m  [1m[34mSELECT  "users".* FROM "users" WHERE "users"."id" = ? LIMIT ?[0m  [["id", 1], ["LIMIT", 1]]
  [1m[35mSQL (3.1ms)[0m  [1m[32mINSERT INTO "requests" ("title", "description", "address", "latitude", "longitude", "request_type", "user_id", "created_at", "updated_at") VALUES (?, ?, ?, ?, ?, ?, ?, ?, ?)[0m  [["title", "Need help"], ["description", "am stacked on the road ant it is so cold i need some jackets"], ["address", "norrtullsgatan 29"], ["latitude", 61.31], ["longitude", 17.02], ["request_type", "materiel"], ["user_id", 1], ["created_at", "2018-07-26 20:19:07.496265"], ["updated_at", "2018-07-26 20:19:07.496265"]]
  [1m[35m (6.3ms)[0m  [1m[36mcommit transaction[0m
  [1m[36mRequest Load (1.1ms)[0m  [1m[34mSELECT  "requests".* FROM "requests" LIMIT ?[0m  [["LIMIT", 11]]
  [1m[36mUser Load (0.3ms)[0m  [1m[34mSELECT  "users".* FROM "users" LIMIT ?[0m  [["LIMIT", 11]]
Started GET "/requests" for 127.0.0.1 at 2018-07-26 22:42:21 +0200
  [1m[35m (2.3ms)[0m  [1m[34mSELECT "schema_migrations"."version" FROM "schema_migrations" ORDER BY "schema_migrations"."version" ASC[0m
  
ActionController::RoutingError (No route matches [GET] "/requests"):
  
actionpack (5.1.6) lib/action_dispatch/middleware/debug_exceptions.rb:63:in `call'
actionpack (5.1.6) lib/action_dispatch/middleware/show_exceptions.rb:31:in `call'
railties (5.1.6) lib/rails/rack/logger.rb:36:in `call_app'
railties (5.1.6) lib/rails/rack/logger.rb:24:in `block in call'
activesupport (5.1.6) lib/active_support/tagged_logging.rb:69:in `block in tagged'
activesupport (5.1.6) lib/active_support/tagged_logging.rb:26:in `tagged'
activesupport (5.1.6) lib/active_support/tagged_logging.rb:69:in `tagged'
railties (5.1.6) lib/rails/rack/logger.rb:24:in `call'
actionpack (5.1.6) lib/action_dispatch/middleware/remote_ip.rb:79:in `call'
actionpack (5.1.6) lib/action_dispatch/middleware/request_id.rb:25:in `call'
rack (2.0.5) lib/rack/runtime.rb:22:in `call'
activesupport (5.1.6) lib/active_support/cache/strategy/local_cache_middleware.rb:27:in `call'
actionpack (5.1.6) lib/action_dispatch/middleware/executor.rb:12:in `call'
actionpack (5.1.6) lib/action_dispatch/middleware/static.rb:125:in `call'
rack (2.0.5) lib/rack/sendfile.rb:111:in `call'
railties (5.1.6) lib/rails/engine.rb:522:in `call'
puma (3.12.0) lib/puma/configuration.rb:225:in `call'
puma (3.12.0) lib/puma/server.rb:658:in `handle_request'
puma (3.12.0) lib/puma/server.rb:472:in `process_client'
puma (3.12.0) lib/puma/server.rb:332:in `block in run'
puma (3.12.0) lib/puma/thread_pool.rb:133:in `block in spawn_thread'
Started GET "/requests" for 127.0.0.1 at 2018-07-26 22:43:08 +0200
  
SyntaxError (/Users/john/Desktop/myproject83/Assistance/app/controllers/requests_controller.rb:17: syntax error, unexpected tIDENTIFIER, expecting '}'
                request: request,
                       ^):
  
app/controllers/requests_controller.rb:17: syntax error, unexpected tIDENTIFIER, expecting '}'
Started GET "/requests" for 127.0.0.1 at 2018-07-26 22:44:04 +0200
  
SyntaxError (/Users/john/Desktop/myproject83/Assistance/app/controllers/requests_controller.rb:17: syntax error, unexpected tIDENTIFIER, expecting '}'
                request: request
                       ^):
  
app/controllers/requests_controller.rb:17: syntax error, unexpected tIDENTIFIER, expecting '}'
Started GET "/requests" for 127.0.0.1 at 2018-07-26 22:44:38 +0200
  
SyntaxError (/Users/john/Desktop/myproject83/Assistance/app/controllers/requests_controller.rb:17: syntax error, unexpected tIDENTIFIER, expecting '}'
                request: request
                       ^):
  
app/controllers/requests_controller.rb:17: syntax error, unexpected tIDENTIFIER, expecting '}'
Started GET "/requests" for 127.0.0.1 at 2018-07-26 22:46:04 +0200
Processing by RequestsController#index as HTML
  [1m[36mRequest Load (2.7ms)[0m  [1m[34mSELECT "requests".* FROM "requests"[0m
Completed 200 OK in 53ms (Views: 30.9ms | ActiveRecord: 4.7ms)


Started GET "/requests" for 127.0.0.1 at 2018-07-26 22:47:33 +0200
Processing by RequestsController#index as HTML
Filter chain halted as :require_login rendered or redirected
Completed 401 Unauthorized in 1ms (Views: 0.3ms)


Started GET "/requests" for 127.0.0.1 at 2018-07-26 22:47:54 +0200
Processing by RequestsController#index as HTML
  [1m[36mRequest Load (2.3ms)[0m  [1m[34mSELECT "requests".* FROM "requests"[0m
Completed 200 OK in 34ms (Views: 24.7ms | ActiveRecord: 4.4ms)


Started GET "/requests" for 127.0.0.1 at 2018-07-29 18:22:37 +0200
  [1m[35m (2.3ms)[0m  [1m[34mSELECT "schema_migrations"."version" FROM "schema_migrations" ORDER BY "schema_migrations"."version" ASC[0m
Processing by RequestsController#index as */*
  [1m[36mRequest Load (2.4ms)[0m  [1m[34mSELECT "requests".* FROM "requests"[0m
Completed 200 OK in 52ms (Views: 27.8ms | ActiveRecord: 3.4ms)


Started GET "/requests" for 127.0.0.1 at 2018-07-29 18:27:08 +0200
Processing by RequestsController#index as */*
  [1m[36mRequest Load (2.1ms)[0m  [1m[34mSELECT "requests".* FROM "requests"[0m
Completed 200 OK in 8ms (Views: 4.5ms | ActiveRecord: 2.8ms)


Started GET "/requests" for 127.0.0.1 at 2018-07-29 18:27:27 +0200
Processing by RequestsController#index as */*
  [1m[36mRequest Load (0.4ms)[0m  [1m[34mSELECT "requests".* FROM "requests"[0m
Completed 200 OK in 3ms (Views: 1.9ms | ActiveRecord: 0.4ms)


Started GET "/requests" for 127.0.0.1 at 2018-07-29 18:30:51 +0200
Processing by RequestsController#index as */*
  [1m[36mRequest Load (0.3ms)[0m  [1m[34mSELECT "requests".* FROM "requests"[0m
Completed 200 OK in 3ms (Views: 2.0ms | ActiveRecord: 0.3ms)


Started GET "/requests" for 127.0.0.1 at 2018-07-29 18:35:26 +0200
Processing by RequestsController#index as */*
  [1m[36mRequest Load (0.3ms)[0m  [1m[34mSELECT "requests".* FROM "requests"[0m
Completed 200 OK in 3ms (Views: 2.4ms | ActiveRecord: 0.3ms)


Started GET "/requests" for 127.0.0.1 at 2018-07-29 18:37:07 +0200
Processing by RequestsController#index as */*
  [1m[36mRequest Load (0.6ms)[0m  [1m[34mSELECT "requests".* FROM "requests"[0m
Completed 200 OK in 3ms (Views: 1.7ms | ActiveRecord: 0.6ms)


Started GET "/requests" for 127.0.0.1 at 2018-07-29 18:38:51 +0200
Processing by RequestsController#index as */*
  [1m[36mRequest Load (0.2ms)[0m  [1m[34mSELECT "requests".* FROM "requests"[0m
Completed 200 OK in 2ms (Views: 1.6ms | ActiveRecord: 0.2ms)


Started GET "/requests" for 127.0.0.1 at 2018-07-29 18:39:17 +0200
Processing by RequestsController#index as */*
  [1m[36mRequest Load (0.3ms)[0m  [1m[34mSELECT "requests".* FROM "requests"[0m
Completed 200 OK in 2ms (Views: 1.3ms | ActiveRecord: 0.3ms)


Started GET "/requests" for 127.0.0.1 at 2018-07-29 18:44:45 +0200
Processing by RequestsController#index as */*
  [1m[36mRequest Load (0.6ms)[0m  [1m[34mSELECT "requests".* FROM "requests"[0m
Completed 200 OK in 7ms (Views: 3.0ms | ActiveRecord: 0.6ms)


Started GET "/requests" for 127.0.0.1 at 2018-07-29 18:44:59 +0200
Processing by RequestsController#index as */*
  [1m[36mRequest Load (0.5ms)[0m  [1m[34mSELECT "requests".* FROM "requests"[0m
Completed 200 OK in 3ms (Views: 2.3ms | ActiveRecord: 0.5ms)


Started GET "/requests" for 127.0.0.1 at 2018-07-29 18:45:33 +0200
Processing by RequestsController#index as */*
  [1m[36mRequest Load (0.6ms)[0m  [1m[34mSELECT "requests".* FROM "requests"[0m
Completed 200 OK in 3ms (Views: 1.9ms | ActiveRecord: 0.6ms)


Started GET "/requests" for 127.0.0.1 at 2018-07-29 18:46:16 +0200
Processing by RequestsController#index as */*
  [1m[36mRequest Load (0.5ms)[0m  [1m[34mSELECT "requests".* FROM "requests"[0m
Completed 200 OK in 2ms (Views: 1.6ms | ActiveRecord: 0.5ms)


Started GET "/requests" for 127.0.0.1 at 2018-07-29 18:48:07 +0200
Processing by RequestsController#index as */*
  [1m[36mRequest Load (0.3ms)[0m  [1m[34mSELECT "requests".* FROM "requests"[0m
Completed 200 OK in 2ms (Views: 1.5ms | ActiveRecord: 0.3ms)


Started POST "/users" for 127.0.0.1 at 2018-07-29 20:10:44 +0200
Processing by UsersController#create as */*
  Parameters: {"user"=>{"first_name"=>"jean baptiste", "last_name"=>"Kadahizi", "email"=>"jbatgoal@yahoo.fr", "password"=>"[FILTERED]"}}
  [1m[35m (0.4ms)[0m  [1m[36mbegin transaction[0m
  [1m[36mUser Exists (2.6ms)[0m  [1m[34mSELECT  1 AS one FROM "users" WHERE "users"."email" = ? LIMIT ?[0m  [["email", "jbatgoal@yahoo.fr"], ["LIMIT", 1]]
  [1m[35mSQL (7.2ms)[0m  [1m[32mINSERT INTO "users" ("first_name", "last_name", "email", "password_digest", "auth_token", "created_at", "updated_at") VALUES (?, ?, ?, ?, ?, ?, ?)[0m  [["first_name", "jean baptiste"], ["last_name", "Kadahizi"], ["email", "jbatgoal@yahoo.fr"], ["password_digest", "$2a$10$NYfbV9HRwdluqFZRBIqv2O9me14wY4yQzzpaT0MrK356lzFU0/uhq"], ["auth_token", "DctEFSXbhe8z13EWLpkPv6Wo"], ["created_at", "2018-07-29 18:10:44.890102"], ["updated_at", "2018-07-29 18:10:44.890102"]]
  [1m[35m (7.3ms)[0m  [1m[36mcommit transaction[0m
Completed 200 OK in 148ms (Views: 1.7ms | ActiveRecord: 19.6ms)


Started POST "/users" for 127.0.0.1 at 2018-07-29 20:16:06 +0200
Processing by UsersController#create as */*
  Parameters: {"user"=>{"first_name"=>"jean baptiste", "last_name"=>"Kadahizi", "email"=>"jbatgoal@yahoo.fr", "password"=>"[FILTERED]"}}
  [1m[35m (0.1ms)[0m  [1m[36mbegin transaction[0m
  [1m[36mUser Exists (2.5ms)[0m  [1m[34mSELECT  1 AS one FROM "users" WHERE "users"."email" = ? LIMIT ?[0m  [["email", "jbatgoal@yahoo.fr"], ["LIMIT", 1]]
  [1m[35m (0.1ms)[0m  [1m[31mrollback transaction[0m
Completed 422 Unprocessable Entity in 122ms (ActiveRecord: 2.7ms)


  
ActiveRecord::RecordInvalid (Validation failed: Email has already been taken):
  
app/controllers/users_controller.rb:8:in `create'
Started POST "/users" for 127.0.0.1 at 2018-07-29 20:16:09 +0200
Processing by UsersController#create as */*
  Parameters: {"user"=>{"first_name"=>"jean baptiste", "last_name"=>"Kadahizi", "email"=>"jbatgoal@yahoo.fr", "password"=>"[FILTERED]"}}
  [1m[35m (0.1ms)[0m  [1m[36mbegin transaction[0m
  [1m[36mUser Exists (0.2ms)[0m  [1m[34mSELECT  1 AS one FROM "users" WHERE "users"."email" = ? LIMIT ?[0m  [["email", "jbatgoal@yahoo.fr"], ["LIMIT", 1]]
  [1m[35m (0.1ms)[0m  [1m[31mrollback transaction[0m
Completed 422 Unprocessable Entity in 102ms (ActiveRecord: 0.3ms)


  
ActiveRecord::RecordInvalid (Validation failed: Email has already been taken):
  
app/controllers/users_controller.rb:8:in `create'
Started POST "/users" for 127.0.0.1 at 2018-07-29 20:16:25 +0200
Processing by UsersController#create as */*
  Parameters: {"user"=>{"first_name"=>"jean baptiste", "last_name"=>"Kadahizi", "email"=>"jbatgoal@yahoo.fr", "password"=>"[FILTERED]"}}
  [1m[35m (0.1ms)[0m  [1m[36mbegin transaction[0m
  [1m[36mUser Exists (0.2ms)[0m  [1m[34mSELECT  1 AS one FROM "users" WHERE "users"."email" = ? LIMIT ?[0m  [["email", "jbatgoal@yahoo.fr"], ["LIMIT", 1]]
  [1m[35m (0.1ms)[0m  [1m[31mrollback transaction[0m
Completed 422 Unprocessable Entity in 82ms (ActiveRecord: 0.3ms)


  
ActiveRecord::RecordInvalid (Validation failed: Email has already been taken):
  
app/controllers/users_controller.rb:8:in `create'
Started POST "/users" for 127.0.0.1 at 2018-07-29 20:16:27 +0200
Processing by UsersController#create as */*
  Parameters: {"user"=>{"first_name"=>"jean baptiste", "last_name"=>"Kadahizi", "email"=>"jbatgoal@yahoo.fr", "password"=>"[FILTERED]"}}
  [1m[35m (0.1ms)[0m  [1m[36mbegin transaction[0m
  [1m[36mUser Exists (0.2ms)[0m  [1m[34mSELECT  1 AS one FROM "users" WHERE "users"."email" = ? LIMIT ?[0m  [["email", "jbatgoal@yahoo.fr"], ["LIMIT", 1]]
  [1m[35m (0.1ms)[0m  [1m[31mrollback transaction[0m
Completed 422 Unprocessable Entity in 81ms (ActiveRecord: 0.4ms)


  
ActiveRecord::RecordInvalid (Validation failed: Email has already been taken):
  
app/controllers/users_controller.rb:8:in `create'
Started POST "/users" for 127.0.0.1 at 2018-07-29 20:17:22 +0200
Processing by UsersController#create as */*
  Parameters: {"user"=>{"first_name"=>"john", "last_name"=>"mani", "email"=>"john@mani.com", "password"=>"[FILTERED]"}}
  [1m[35m (0.1ms)[0m  [1m[36mbegin transaction[0m
  [1m[36mUser Exists (0.2ms)[0m  [1m[34mSELECT  1 AS one FROM "users" WHERE "users"."email" = ? LIMIT ?[0m  [["email", "john@mani.com"], ["LIMIT", 1]]
  [1m[35mSQL (2.7ms)[0m  [1m[32mINSERT INTO "users" ("first_name", "last_name", "email", "password_digest", "auth_token", "created_at", "updated_at") VALUES (?, ?, ?, ?, ?, ?, ?)[0m  [["first_name", "john"], ["last_name", "mani"], ["email", "john@mani.com"], ["password_digest", "$2a$10$.QP8.xibH9FaSIe/yTMkKOwvXxM2dNpR00GTvyxKqxfma0nVknS9K"], ["auth_token", "J2QwGfykkLYzCJXBmy87eTw7"], ["created_at", "2018-07-29 18:17:22.579110"], ["updated_at", "2018-07-29 18:17:22.579110"]]
  [1m[35m (3.6ms)[0m  [1m[36mcommit transaction[0m
Completed 200 OK in 86ms (Views: 0.2ms | ActiveRecord: 6.6ms)


Started POST "/users" for 127.0.0.1 at 2018-07-29 20:20:29 +0200
Processing by UsersController#create as */*
  Parameters: {"user"=>{"first_name"=>"john", "last_name"=>"mani2", "email"=>"test@yahoo.com", "password"=>"[FILTERED]"}}
  [1m[35m (0.1ms)[0m  [1m[36mbegin transaction[0m
  [1m[36mUser Exists (2.3ms)[0m  [1m[34mSELECT  1 AS one FROM "users" WHERE "users"."email" = ? LIMIT ?[0m  [["email", "test@yahoo.com"], ["LIMIT", 1]]
  [1m[35mSQL (0.8ms)[0m  [1m[32mINSERT INTO "users" ("first_name", "last_name", "email", "password_digest", "auth_token", "created_at", "updated_at") VALUES (?, ?, ?, ?, ?, ?, ?)[0m  [["first_name", "john"], ["last_name", "mani2"], ["email", "test@yahoo.com"], ["password_digest", "$2a$10$HGUHCQx35x1gH.FyYZVpauSkyitpERViG53CyTZInMybyxhlZdYS6"], ["auth_token", "Kbo4ZxrYw5c9UFHgVhmXAN7F"], ["created_at", "2018-07-29 18:20:29.855196"], ["updated_at", "2018-07-29 18:20:29.855196"]]
  [1m[35m (1.2ms)[0m  [1m[36mcommit transaction[0m
Completed 200 OK in 94ms (Views: 0.3ms | ActiveRecord: 4.5ms)


Started POST "/users" for 127.0.0.1 at 2018-07-29 20:21:00 +0200
Processing by UsersController#create as */*
  Parameters: {"user"=>{"first_name"=>"john", "last_name"=>"mani", "email"=>"test@yahoo.com", "password"=>"[FILTERED]"}}
  [1m[35m (0.1ms)[0m  [1m[36mbegin transaction[0m
  [1m[36mUser Exists (0.3ms)[0m  [1m[34mSELECT  1 AS one FROM "users" WHERE "users"."email" = ? LIMIT ?[0m  [["email", "test@yahoo.com"], ["LIMIT", 1]]
  [1m[35m (0.1ms)[0m  [1m[31mrollback transaction[0m
Completed 422 Unprocessable Entity in 81ms (ActiveRecord: 0.4ms)


  
ActiveRecord::RecordInvalid (Validation failed: Email has already been taken):
  
app/controllers/users_controller.rb:8:in `create'
Started POST "/users" for 127.0.0.1 at 2018-07-29 20:21:16 +0200
Processing by UsersController#create as */*
  Parameters: {"user"=>{"first_name"=>"john", "last_name"=>"mani", "email"=>"test@yahoo.se", "password"=>"[FILTERED]"}}
  [1m[35m (0.1ms)[0m  [1m[36mbegin transaction[0m
  [1m[36mUser Exists (0.2ms)[0m  [1m[34mSELECT  1 AS one FROM "users" WHERE "users"."email" = ? LIMIT ?[0m  [["email", "test@yahoo.se"], ["LIMIT", 1]]
  [1m[35mSQL (0.3ms)[0m  [1m[32mINSERT INTO "users" ("first_name", "last_name", "email", "password_digest", "auth_token", "created_at", "updated_at") VALUES (?, ?, ?, ?, ?, ?, ?)[0m  [["first_name", "john"], ["last_name", "mani"], ["email", "test@yahoo.se"], ["password_digest", "$2a$10$t6d4bvS2PnXuaUgts9CXo.C7OYVte88w.INszXJsnD8tOdS3LgBXa"], ["auth_token", "gZHeVwPF2xqSDPCCQJjRKx5i"], ["created_at", "2018-07-29 18:21:17.071654"], ["updated_at", "2018-07-29 18:21:17.071654"]]
  [1m[35m (2.5ms)[0m  [1m[36mcommit transaction[0m
Completed 200 OK in 84ms (Views: 0.2ms | ActiveRecord: 3.1ms)


Started POST "/login" for 127.0.0.1 at 2018-07-29 20:53:07 +0200
Processing by SessionsController#create as */*
  Parameters: {"email"=>"jbatgoal@yahoo.fr", "password"=>"[FILTERED]", "session"=>{"email"=>"jbatgoal@yahoo.fr", "password"=>"[FILTERED]"}}
  [1m[36mUser Load (5.0ms)[0m  [1m[34mSELECT  "users".* FROM "users" WHERE "users"."email" = ? LIMIT ?[0m  [["email", "jbatgoal@yahoo.fr"], ["LIMIT", 1]]
Completed 500 Internal Server Error in 128ms (ActiveRecord: 5.0ms)


  
NoMethodError (undefined method `&' for #<User:0x007fb453da7dc0>):
  
app/models/user.rb:11:in `validate_login'
app/controllers/sessions_controller.rb:4:in `create'
Started POST "/users" for 127.0.0.1 at 2018-07-29 20:54:09 +0200
Processing by UsersController#create as */*
  Parameters: {"user"=>{"first_name"=>"jean baptiste", "last_name"=>"Kadahizi", "email"=>"jbatgoal@yahoo.fr", "password"=>"[FILTERED]"}}
  [1m[35m (0.1ms)[0m  [1m[36mbegin transaction[0m
  [1m[36mUser Exists (0.3ms)[0m  [1m[34mSELECT  1 AS one FROM "users" WHERE "users"."email" = ? LIMIT ?[0m  [["email", "jbatgoal@yahoo.fr"], ["LIMIT", 1]]
  [1m[35m (0.1ms)[0m  [1m[31mrollback transaction[0m
Completed 422 Unprocessable Entity in 84ms (ActiveRecord: 0.5ms)


  
ActiveRecord::RecordInvalid (Validation failed: Email has already been taken):
  
app/controllers/users_controller.rb:8:in `create'
Started POST "/users" for 127.0.0.1 at 2018-07-29 20:54:19 +0200
Processing by UsersController#create as */*
  Parameters: {"user"=>{"first_name"=>"jean baptiste", "last_name"=>"Kadahizi", "email"=>"jbatgoal@yahoo.fr", "password"=>"[FILTERED]"}}
  [1m[35m (0.1ms)[0m  [1m[36mbegin transaction[0m
  [1m[36mUser Exists (0.3ms)[0m  [1m[34mSELECT  1 AS one FROM "users" WHERE "users"."email" = ? LIMIT ?[0m  [["email", "jbatgoal@yahoo.fr"], ["LIMIT", 1]]
  [1m[35m (0.1ms)[0m  [1m[31mrollback transaction[0m
Completed 422 Unprocessable Entity in 82ms (ActiveRecord: 0.4ms)


  
ActiveRecord::RecordInvalid (Validation failed: Email has already been taken):
  
app/controllers/users_controller.rb:8:in `create'
Started POST "/users" for 127.0.0.1 at 2018-07-29 20:55:00 +0200
Processing by UsersController#create as */*
  Parameters: {"user"=>{"first_name"=>"test", "last_name"=>"test", "email"=>"test@yahoo.fr", "password"=>"[FILTERED]"}}
  [1m[35m (0.1ms)[0m  [1m[36mbegin transaction[0m
  [1m[36mUser Exists (0.2ms)[0m  [1m[34mSELECT  1 AS one FROM "users" WHERE "users"."email" = ? LIMIT ?[0m  [["email", "test@yahoo.fr"], ["LIMIT", 1]]
  [1m[35mSQL (2.8ms)[0m  [1m[32mINSERT INTO "users" ("first_name", "last_name", "email", "password_digest", "auth_token", "created_at", "updated_at") VALUES (?, ?, ?, ?, ?, ?, ?)[0m  [["first_name", "test"], ["last_name", "test"], ["email", "test@yahoo.fr"], ["password_digest", "$2a$10$OFKhVVVAXSsAAMxCc00p.uyUkxYvtMy/iuRyMSGSKzSBn6micEVki"], ["auth_token", "PXCrY2eWzdjdRQdkNr5fqJWp"], ["created_at", "2018-07-29 18:55:00.534703"], ["updated_at", "2018-07-29 18:55:00.534703"]]
  [1m[35m (3.3ms)[0m  [1m[36mcommit transaction[0m
Completed 200 OK in 94ms (Views: 0.4ms | ActiveRecord: 6.4ms)


Started POST "/login" for 127.0.0.1 at 2018-07-29 20:55:32 +0200
Processing by SessionsController#create as */*
  Parameters: {"email"=>"test@yahoo.fr", "password"=>"[FILTERED]", "session"=>{"email"=>"test@yahoo.fr", "password"=>"[FILTERED]"}}
  [1m[36mUser Load (0.3ms)[0m  [1m[34mSELECT  "users".* FROM "users" WHERE "users"."email" = ? LIMIT ?[0m  [["email", "test@yahoo.fr"], ["LIMIT", 1]]
Completed 500 Internal Server Error in 80ms (ActiveRecord: 0.2ms)


  
NoMethodError (undefined method `&' for #<User:0x007fb45441a9f0>):
  
app/models/user.rb:11:in `validate_login'
app/controllers/sessions_controller.rb:4:in `create'
  [1m[36mUser Load (4.1ms)[0m  [1m[34mSELECT  "users".* FROM "users" LIMIT ?[0m  [["LIMIT", 11]]
Started GET "/requests" for 127.0.0.1 at 2018-07-29 21:06:10 +0200
Processing by RequestsController#index as */*
  [1m[36mRequest Load (2.4ms)[0m  [1m[34mSELECT "requests".* FROM "requests"[0m
Completed 200 OK in 7ms (Views: 4.1ms | ActiveRecord: 2.4ms)


Started POST "/users" for 127.0.0.1 at 2018-07-29 21:28:10 +0200
Processing by UsersController#create as */*
  Parameters: {"user"=>{"first_name"=>"Tommy", "last_name"=>"Winsjansen", "email"=>"tommu@yahoo.com", "password"=>"[FILTERED]"}}
  [1m[35m (0.2ms)[0m  [1m[36mbegin transaction[0m
  [1m[36mUser Exists (0.5ms)[0m  [1m[34mSELECT  1 AS one FROM "users" WHERE "users"."email" = ? LIMIT ?[0m  [["email", "tommu@yahoo.com"], ["LIMIT", 1]]
  [1m[35mSQL (2.7ms)[0m  [1m[32mINSERT INTO "users" ("first_name", "last_name", "email", "password_digest", "auth_token", "created_at", "updated_at") VALUES (?, ?, ?, ?, ?, ?, ?)[0m  [["first_name", "Tommy"], ["last_name", "Winsjansen"], ["email", "tommu@yahoo.com"], ["password_digest", "$2a$10$lGGHSa15cnT8kPm5qpL27.MGOO5WW5YJsl2vhKbRah/z6isvHE3mi"], ["auth_token", "pYNtzy5qgJbxCyL3pXWEQkd5"], ["created_at", "2018-07-29 19:28:10.203432"], ["updated_at", "2018-07-29 19:28:10.203432"]]
  [1m[35m (2.6ms)[0m  [1m[36mcommit transaction[0m
Completed 200 OK in 97ms (Views: 0.4ms | ActiveRecord: 6.0ms)


  [1m[36mUser Load (2.0ms)[0m  [1m[34mSELECT  "users".* FROM "users" LIMIT ?[0m  [["LIMIT", 11]]
  [1m[36mUser Load (4.5ms)[0m  [1m[34mSELECT "users".* FROM "users"[0m
Started POST "/login" for 127.0.0.1 at 2018-07-29 21:33:14 +0200
Processing by SessionsController#create as */*
  Parameters: {"email"=>"tommu@yahoo.com", "password"=>"[FILTERED]", "session"=>{"email"=>"tommu@yahoo.com", "password"=>"[FILTERED]"}}
  [1m[36mUser Load (1.3ms)[0m  [1m[34mSELECT  "users".* FROM "users" WHERE "users"."email" = ? LIMIT ?[0m  [["email", "tommu@yahoo.com"], ["LIMIT", 1]]
Completed 500 Internal Server Error in 107ms (ActiveRecord: 1.3ms)


  
NoMethodError (undefined method `&' for #<User:0x007fb4538be9a8>):
  
app/models/user.rb:11:in `validate_login'
app/controllers/sessions_controller.rb:4:in `create'
Started GET "/requests" for 127.0.0.1 at 2018-07-29 21:36:32 +0200
Processing by RequestsController#index as */*
  [1m[36mRequest Load (2.5ms)[0m  [1m[34mSELECT "requests".* FROM "requests"[0m
Completed 200 OK in 7ms (Views: 3.2ms | ActiveRecord: 2.5ms)


Started GET "/users" for 127.0.0.1 at 2018-07-29 21:36:56 +0200
Processing by UsersController#index as */*
Filter chain halted as :require_login rendered or redirected
Completed 401 Unauthorized in 1ms (Views: 0.4ms | ActiveRecord: 0.0ms)


Started GET "/users/login" for 127.0.0.1 at 2018-07-29 21:37:05 +0200
  
AbstractController::ActionNotFound (The action 'show' could not be found for UsersController):
  
actionpack (5.1.6) lib/abstract_controller/base.rb:119:in `process'
actionpack (5.1.6) lib/action_controller/metal.rb:189:in `dispatch'
actionpack (5.1.6) lib/action_controller/metal.rb:253:in `dispatch'
actionpack (5.1.6) lib/action_dispatch/routing/route_set.rb:49:in `dispatch'
actionpack (5.1.6) lib/action_dispatch/routing/route_set.rb:31:in `serve'
actionpack (5.1.6) lib/action_dispatch/journey/router.rb:50:in `block in serve'
actionpack (5.1.6) lib/action_dispatch/journey/router.rb:33:in `each'
actionpack (5.1.6) lib/action_dispatch/journey/router.rb:33:in `serve'
actionpack (5.1.6) lib/action_dispatch/routing/route_set.rb:844:in `call'
rack (2.0.5) lib/rack/etag.rb:25:in `call'
rack (2.0.5) lib/rack/conditional_get.rb:25:in `call'
rack (2.0.5) lib/rack/head.rb:12:in `call'
activerecord (5.1.6) lib/active_record/migration.rb:556:in `call'
actionpack (5.1.6) lib/action_dispatch/middleware/callbacks.rb:26:in `block in call'
activesupport (5.1.6) lib/active_support/callbacks.rb:97:in `run_callbacks'
actionpack (5.1.6) lib/action_dispatch/middleware/callbacks.rb:24:in `call'
actionpack (5.1.6) lib/action_dispatch/middleware/executor.rb:12:in `call'
actionpack (5.1.6) lib/action_dispatch/middleware/debug_exceptions.rb:59:in `call'
actionpack (5.1.6) lib/action_dispatch/middleware/show_exceptions.rb:31:in `call'
railties (5.1.6) lib/rails/rack/logger.rb:36:in `call_app'
railties (5.1.6) lib/rails/rack/logger.rb:24:in `block in call'
activesupport (5.1.6) lib/active_support/tagged_logging.rb:69:in `block in tagged'
activesupport (5.1.6) lib/active_support/tagged_logging.rb:26:in `tagged'
activesupport (5.1.6) lib/active_support/tagged_logging.rb:69:in `tagged'
railties (5.1.6) lib/rails/rack/logger.rb:24:in `call'
actionpack (5.1.6) lib/action_dispatch/middleware/remote_ip.rb:79:in `call'
actionpack (5.1.6) lib/action_dispatch/middleware/request_id.rb:25:in `call'
rack (2.0.5) lib/rack/runtime.rb:22:in `call'
activesupport (5.1.6) lib/active_support/cache/strategy/local_cache_middleware.rb:27:in `call'
actionpack (5.1.6) lib/action_dispatch/middleware/executor.rb:12:in `call'
actionpack (5.1.6) lib/action_dispatch/middleware/static.rb:125:in `call'
rack (2.0.5) lib/rack/sendfile.rb:111:in `call'
railties (5.1.6) lib/rails/engine.rb:522:in `call'
puma (3.12.0) lib/puma/configuration.rb:225:in `call'
puma (3.12.0) lib/puma/server.rb:658:in `handle_request'
puma (3.12.0) lib/puma/server.rb:472:in `process_client'
puma (3.12.0) lib/puma/server.rb:332:in `block in run'
puma (3.12.0) lib/puma/thread_pool.rb:133:in `block in spawn_thread'
Started GET "/login" for 127.0.0.1 at 2018-07-29 21:37:12 +0200
  
ActionController::RoutingError (No route matches [GET] "/login"):
  
actionpack (5.1.6) lib/action_dispatch/middleware/debug_exceptions.rb:63:in `call'
actionpack (5.1.6) lib/action_dispatch/middleware/show_exceptions.rb:31:in `call'
railties (5.1.6) lib/rails/rack/logger.rb:36:in `call_app'
railties (5.1.6) lib/rails/rack/logger.rb:24:in `block in call'
activesupport (5.1.6) lib/active_support/tagged_logging.rb:69:in `block in tagged'
activesupport (5.1.6) lib/active_support/tagged_logging.rb:26:in `tagged'
activesupport (5.1.6) lib/active_support/tagged_logging.rb:69:in `tagged'
railties (5.1.6) lib/rails/rack/logger.rb:24:in `call'
actionpack (5.1.6) lib/action_dispatch/middleware/remote_ip.rb:79:in `call'
actionpack (5.1.6) lib/action_dispatch/middleware/request_id.rb:25:in `call'
rack (2.0.5) lib/rack/runtime.rb:22:in `call'
activesupport (5.1.6) lib/active_support/cache/strategy/local_cache_middleware.rb:27:in `call'
actionpack (5.1.6) lib/action_dispatch/middleware/executor.rb:12:in `call'
actionpack (5.1.6) lib/action_dispatch/middleware/static.rb:125:in `call'
rack (2.0.5) lib/rack/sendfile.rb:111:in `call'
railties (5.1.6) lib/rails/engine.rb:522:in `call'
puma (3.12.0) lib/puma/configuration.rb:225:in `call'
puma (3.12.0) lib/puma/server.rb:658:in `handle_request'
puma (3.12.0) lib/puma/server.rb:472:in `process_client'
puma (3.12.0) lib/puma/server.rb:332:in `block in run'
puma (3.12.0) lib/puma/thread_pool.rb:133:in `block in spawn_thread'
Started GET "/register" for 127.0.0.1 at 2018-07-29 21:37:34 +0200
  
ActionController::RoutingError (No route matches [GET] "/register"):
  
actionpack (5.1.6) lib/action_dispatch/middleware/debug_exceptions.rb:63:in `call'
actionpack (5.1.6) lib/action_dispatch/middleware/show_exceptions.rb:31:in `call'
railties (5.1.6) lib/rails/rack/logger.rb:36:in `call_app'
railties (5.1.6) lib/rails/rack/logger.rb:24:in `block in call'
activesupport (5.1.6) lib/active_support/tagged_logging.rb:69:in `block in tagged'
activesupport (5.1.6) lib/active_support/tagged_logging.rb:26:in `tagged'
activesupport (5.1.6) lib/active_support/tagged_logging.rb:69:in `tagged'
railties (5.1.6) lib/rails/rack/logger.rb:24:in `call'
actionpack (5.1.6) lib/action_dispatch/middleware/remote_ip.rb:79:in `call'
actionpack (5.1.6) lib/action_dispatch/middleware/request_id.rb:25:in `call'
rack (2.0.5) lib/rack/runtime.rb:22:in `call'
activesupport (5.1.6) lib/active_support/cache/strategy/local_cache_middleware.rb:27:in `call'
actionpack (5.1.6) lib/action_dispatch/middleware/executor.rb:12:in `call'
actionpack (5.1.6) lib/action_dispatch/middleware/static.rb:125:in `call'
rack (2.0.5) lib/rack/sendfile.rb:111:in `call'
railties (5.1.6) lib/rails/engine.rb:522:in `call'
puma (3.12.0) lib/puma/configuration.rb:225:in `call'
puma (3.12.0) lib/puma/server.rb:658:in `handle_request'
puma (3.12.0) lib/puma/server.rb:472:in `process_client'
puma (3.12.0) lib/puma/server.rb:332:in `block in run'
puma (3.12.0) lib/puma/thread_pool.rb:133:in `block in spawn_thread'
Started POST "/login" for 127.0.0.1 at 2018-07-30 08:11:47 +0200
Processing by SessionsController#create as */*
  Parameters: {"email"=>"jbatgoal@yahoo.fr", "password"=>"[FILTERED]", "session"=>{"email"=>"jbatgoal@yahoo.fr", "password"=>"[FILTERED]"}}
  [1m[36mUser Load (0.4ms)[0m  [1m[34mSELECT  "users".* FROM "users" WHERE "users"."email" = ? LIMIT ?[0m  [["email", "jbatgoal@yahoo.fr"], ["LIMIT", 1]]
Completed 500 Internal Server Error in 146ms (ActiveRecord: 2.9ms)


  
NoMethodError (undefined method `&' for #<User:0x007fb453bbbd90>):
  
app/models/user.rb:11:in `validate_login'
app/controllers/sessions_controller.rb:4:in `create'
Started POST "/login" for 127.0.0.1 at 2018-07-30 08:11:49 +0200
Processing by SessionsController#create as */*
  Parameters: {"email"=>"jbatgoal@yahoo.fr", "password"=>"[FILTERED]", "session"=>{"email"=>"jbatgoal@yahoo.fr", "password"=>"[FILTERED]"}}
  [1m[36mUser Load (0.2ms)[0m  [1m[34mSELECT  "users".* FROM "users" WHERE "users"."email" = ? LIMIT ?[0m  [["email", "jbatgoal@yahoo.fr"], ["LIMIT", 1]]
Completed 500 Internal Server Error in 94ms (ActiveRecord: 0.2ms)


  
NoMethodError (undefined method `&' for #<User:0x007fb453dc5ac8>):
  
app/models/user.rb:11:in `validate_login'
app/controllers/sessions_controller.rb:4:in `create'
Started POST "/users" for 127.0.0.1 at 2018-07-30 16:10:47 +0200
Processing by UsersController#create as */*
  Parameters: {"user"=>{"first_name"=>"christian", "last_name"=>"olsson", "email"=>"chris@test.com", "password"=>"[FILTERED]"}}
  [1m[35m (0.5ms)[0m  [1m[36mbegin transaction[0m
  [1m[36mUser Exists (0.5ms)[0m  [1m[34mSELECT  1 AS one FROM "users" WHERE "users"."email" = ? LIMIT ?[0m  [["email", "chris@test.com"], ["LIMIT", 1]]
  [1m[35mSQL (2.7ms)[0m  [1m[32mINSERT INTO "users" ("first_name", "last_name", "email", "password_digest", "auth_token", "created_at", "updated_at") VALUES (?, ?, ?, ?, ?, ?, ?)[0m  [["first_name", "christian"], ["last_name", "olsson"], ["email", "chris@test.com"], ["password_digest", "$2a$10$e1gMtovj6EaMDPy1jhYDDOTEh6Kmj7z4RGymTSHbpdgP6N4D4KZAK"], ["auth_token", "drfJ3yx2jvfNk664mcXwFoQ4"], ["created_at", "2018-07-30 14:10:47.477907"], ["updated_at", "2018-07-30 14:10:47.477907"]]
  [1m[35m (2.7ms)[0m  [1m[36mcommit transaction[0m
Completed 200 OK in 108ms (Views: 1.2ms | ActiveRecord: 6.4ms)


  [1m[36mUser Load (7.8ms)[0m  [1m[34mSELECT "users".* FROM "users"[0m
